SUMMARY OF C0NVERGENCE INFORMATION
  STEP   INC  ATT   ITER     CONT.   RESID.        CORR.      RESID.      CORR.
                              EL.    FORCE         DISP       FLUX        TEMP.
                              (#)     (%)           (%)        (%)         (%)
     1     1     1     1        0  0.0000E+00  0.1000E+03  0.0000E+00  0.0000E+00
     1     1     1     2        0  0.0000E+00  0.3501E-11  0.0000E+00  0.0000E+00
     1     2     1     1        0  0.0000E+00  0.1140E-12  0.0000E+00  0.0000E+00
     1     2     1     2        0  0.0000E+00  0.7972E-13  0.0000E+00  0.0000E+00
     1     3     1     1        0  0.0000E+00  0.1772E-12  0.0000E+00  0.0000E+00
     1     3     1     2  1017641  0.2936E+06  0.1000E+03  0.0000E+00  0.0000E+00
     1     3     1     3  1070056  0.3243E+07  0.4239E+02  0.0000E+00  0.0000E+00
     1     3     1     4   918946  0.1485E+06  0.3795E+02  0.0000E+00  0.0000E+00
     1     3     1     5   529680  0.2224E+07  0.3030E+02  0.0000E+00  0.0000E+00
     1     3     1     6   462439  0.8064E+06  0.3813E+02  0.0000E+00  0.0000E+00
     1     3     1     7   421119  0.3257E+08  0.1766E+02  0.0000E+00  0.0000E+00
     1     3     1     8   413248  0.2776E+08  0.1010E+02  0.0000E+00  0.0000E+00
     1     3     1     9   379492  0.6514E+08  0.1000E+03  0.0000E+00  0.0000E+00
     1     3     1    10   391002  0.6527E+08  0.1145E+02  0.0000E+00  0.0000E+00
     1     3     1    11   377225  0.1984E+08  0.1000E+03  0.0000E+00  0.0000E+00
     1     3     1    12   383198  0.1996E+08  0.8864E+01  0.0000E+00  0.0000E+00
     1     3     1    13   291085  0.9628E+08  0.1000E+03  0.0000E+00  0.0000E+00
     1     3     1    14   273275  0.8319E+08  0.2217E+02  0.0000E+00  0.0000E+00
     1     3     1    15   221126  0.6888E+08  0.8121E+01  0.0000E+00  0.0000E+00
     1     3     1    16   163650  0.5256E+08  0.8291E+01  0.0000E+00  0.0000E+00
     1     3     1    17   165731  0.5285E+08  0.4890E+01  0.0000E+00  0.0000E+00
     1     3     1    18   126826  0.9231E+08  0.7137E+02  0.0000E+00  0.0000E+00
     1     3     1    19   126928  0.6406E+08  0.9040E+01  0.0000E+00  0.0000E+00
     1     3     1    20   107679  0.5427E+08  0.1031E+02  0.0000E+00  0.0000E+00
     1     3     1    21   117337  0.5612E+08  0.3752E+01  0.0000E+00  0.0000E+00
     1     3     1    22    98917  0.6013E+08  0.5058E+02  0.0000E+00  0.0000E+00
     1     3     1    23   100828  0.5374E+08  0.3919E+01  0.0000E+00  0.0000E+00
     1     3     1    24    93537  0.3547E+08  0.1365E+02  0.0000E+00  0.0000E+00
     1     3     1    25    95775  0.3537E+08  0.1035E+02  0.0000E+00  0.0000E+00
     1     3     1    26    90039  0.3373E+08  0.2051E+01  0.0000E+00  0.0000E+00
     1     3     1    27    84437  0.2073E+08  0.2331E+02  0.0000E+00  0.0000E+00
     1     3     1    28    84867  0.2059E+08  0.2019E+01  0.0000E+00  0.0000E+00
     1     3     1    29    68090  0.5523E+08  0.6354E+02  0.0000E+00  0.0000E+00
     1     3     1    30    71841  0.5621E+08  0.6966E+01  0.0000E+00  0.0000E+00
     1     3     1    31    76724  0.5408E+08  0.9651E+01  0.0000E+00  0.0000E+00
     1     3     1    32    75356  0.5301E+08  0.3467E+01  0.0000E+00  0.0000E+00
     1     3     1    33    50967  0.7182E+08  0.4501E+02  0.0000E+00  0.0000E+00
     1     3     1    34    54900  0.7332E+08  0.3811E+01  0.0000E+00  0.0000E+00
     1     3     1    35    41341  0.6066E+08  0.7676E+01  0.0000E+00  0.0000E+00
     1     3     1    36    42030  0.6049E+08  0.3444E+01  0.0000E+00  0.0000E+00
     1     3     1    37    36454  0.2382E+08  0.1357E+02  0.0000E+00  0.0000E+00
     1     3     1    38    43316  0.2478E+08  0.1326E+01  0.0000E+00  0.0000E+00
     1     3     1    39    37111  0.1398E+08  0.1381E+02  0.0000E+00  0.0000E+00
     1     3     1    40    43885  0.1445E+08  0.7328E+01  0.0000E+00  0.0000E+00
     1     3     1    41    57234  0.1499E+08  0.4520E+01  0.0000E+00  0.0000E+00
     1     3     1    42    56955  0.1397E+08  0.1598E+01  0.0000E+00  0.0000E+00
     1     3     1    43    39223  0.6852E+08  0.8639E+02  0.0000E+00  0.0000E+00
     1     3     1    44    53423  0.7226E+08  0.9311E+01  0.0000E+00  0.0000E+00
     1     3     1    45    76049  0.8030E+08  0.1353E+02  0.0000E+00  0.0000E+00
     1     3     1    46    75482  0.8002E+08  0.4579E+01  0.0000E+00  0.0000E+00
     1     3     1    47    47348  0.5813E+08  0.1661E+02  0.0000E+00  0.0000E+00
     1     3     1    48    59128  0.6003E+08  0.3363E+01  0.0000E+00  0.0000E+00
     1     3     1    49    95589  0.5621E+08  0.5166E+01  0.0000E+00  0.0000E+00
     1     3     1    50   105690  0.5709E+08  0.4927E+01  0.0000E+00  0.0000E+00
     1     3     1    51   102409  0.5108E+08  0.1626E+01  0.0000E+00  0.0000E+00
     1     3     1    52    54328  0.2121E+08  0.4185E+02  0.0000E+00  0.0000E+00
     1     3     1    53    74652  0.2333E+08  0.1423E+02  0.0000E+00  0.0000E+00
     1     3     1    54   150212  0.2883E+08  0.4191E+02  0.0000E+00  0.0000E+00
     1     3     1    55   149439  0.2871E+08  0.8054E+01  0.0000E+00  0.0000E+00
     1     3     1    56   116616  0.1888E+08  0.6033E+01  0.0000E+00  0.0000E+00
     1     3     1    57   184136  0.1888E+08  0.6664E+01  0.0000E+00  0.0000E+00
     1     3     1    58   206071  0.1946E+08  0.1119E+02  0.0000E+00  0.0000E+00
     1     3     1    59   197393  0.1864E+08  0.4403E+01  0.0000E+00  0.0000E+00
     1     3     1    60   188905  0.1813E+08  0.2472E+01  0.0000E+00  0.0000E+00
