SUMMARY OF C0NVERGENCE INFORMATION
  STEP   INC  ATT   ITER     CONT.   RESID.        CORR.      RESID.      CORR.
                              EL.    FORCE         DISP       FLUX        TEMP.
                              (#)     (%)           (%)        (%)         (%)
     1     1     1     1        0  0.1039E+04  0.1000E+03  0.0000E+00  0.0000E+00
     1     1     1     2       54  0.6192E+02  0.8875E+00  0.0000E+00  0.0000E+00
     1     1     1     3       52  0.3570E+01  0.2432E-01  0.0000E+00  0.0000E+00
     1     1     1     4       52  0.3737E-01  0.2099E-03  0.0000E+00  0.0000E+00
     1     2     1     1       52  0.1163E+03  0.2541E+01  0.0000E+00  0.0000E+00
     1     2     1     2      244  0.1424E+03  0.3027E+01  0.0000E+00  0.0000E+00
     1     2     1     3      178  0.9982E+01  0.2538E+00  0.0000E+00  0.0000E+00
     1     2     1     4      174  0.1640E+00  0.1417E-01  0.0000E+00  0.0000E+00
     1     2     1     5      174  0.1179E-02  0.7877E-05  0.0000E+00  0.0000E+00
     1     3     1     1      174  0.1593E+03  0.2203E+01  0.0000E+00  0.0000E+00
     1     3     1     2      486  0.3107E+03  0.3468E+01  0.0000E+00  0.0000E+00
     1     3     1     3      433  0.8107E+01  0.4816E+00  0.0000E+00  0.0000E+00
     1     3     1     4      430  0.4942E+00  0.4299E-02  0.0000E+00  0.0000E+00
     1     3     1     5      430  0.4324E-02  0.2431E-04  0.0000E+00  0.0000E+00
     1     4     1     1      431  0.1255E+03  0.1773E+01  0.0000E+00  0.0000E+00
     1     4     1     2      685  0.6087E+03  0.3253E+01  0.0000E+00  0.0000E+00
     1     4     1     3      618  0.3346E+02  0.7156E+00  0.0000E+00  0.0000E+00
     1     4     1     4      612  0.2498E+00  0.1552E-01  0.0000E+00  0.0000E+00
     1     4     1     5      612  0.1249E-02  0.9615E-05  0.0000E+00  0.0000E+00
     1     5     1     1      614  0.2237E+03  0.2180E+01  0.0000E+00  0.0000E+00
     1     5     1     2     1337  0.4428E+03  0.2234E+01  0.0000E+00  0.0000E+00
     1     5     1     3      979  0.1817E+02  0.4010E+00  0.0000E+00  0.0000E+00
     1     5     1     4      948  0.2995E+00  0.8386E-02  0.0000E+00  0.0000E+00
     1     5     1     5      948  0.2716E-02  0.1151E-04  0.0000E+00  0.0000E+00
     1     6     1     1      950  0.2517E+03  0.1501E+01  0.0000E+00  0.0000E+00
     1     6     1     2     2007  0.3948E+03  0.2125E+01  0.0000E+00  0.0000E+00
     1     6     1     3     1854  0.2634E+02  0.4754E+00  0.0000E+00  0.0000E+00
     1     6     1     4     1831  0.1146E+01  0.2615E-01  0.0000E+00  0.0000E+00
     1     6     1     5     1829  0.3461E-01  0.1070E-03  0.0000E+00  0.0000E+00
     1     6     1     6     1829  0.1752E-02  0.5038E-05  0.0000E+00  0.0000E+00
     1     7     1     1     1845  0.3654E+03  0.6635E+01  0.0000E+00  0.0000E+00
     1     7     1     2     2542  0.7569E+03  0.7353E+01  0.0000E+00  0.0000E+00
     1     7     1     3     2303  0.2749E+02  0.1362E+01  0.0000E+00  0.0000E+00
     1     7     1     4     2274  0.1853E+01  0.7399E-01  0.0000E+00  0.0000E+00
     1     7     1     5     2274  0.7543E-02  0.6253E-04  0.0000E+00  0.0000E+00
     1     8     1     1     2277  0.3618E+03  0.2831E+01  0.0000E+00  0.0000E+00
     1     8     1     2     2985  0.3416E+03  0.9807E+00  0.0000E+00  0.0000E+00
     1     8     1     3     2820  0.1119E+02  0.2019E+00  0.0000E+00  0.0000E+00
     1     8     1     4     2791  0.7870E+00  0.4711E-02  0.0000E+00  0.0000E+00
     1     8     1     5     2790  0.3900E-02  0.3108E-04  0.0000E+00  0.0000E+00
